15:14:47 INFO  : Registering command handlers for SDK TCF services
15:14:47 INFO  : Launching XSCT server: xsct.bat -interactive G:\Opiskelu\Yliopisto\5.vuosi\EmbeddedSystemsProgramming\assignment\temp_xsdb_launch_script.tcl
15:14:49 INFO  : XSCT server has started successfully.
15:14:49 INFO  : Successfully done setting XSCT server connection channel  
15:14:49 INFO  : Successfully done setting SDK workspace  
15:17:08 INFO  : Project 'zybo_platform' created. You can now create BSPs and application projects targeting this hardware platform.
15:23:54 INFO  : Registering command handlers for SDK TCF services
15:23:55 INFO  : Launching XSCT server: xsct.bat -interactive G:\Opiskelu\Yliopisto\5.vuosi\EmbeddedSystemsProgramming\assignment\temp_xsdb_launch_script.tcl
15:23:57 INFO  : XSCT server has started successfully.
15:23:57 INFO  : Successfully done setting XSCT server connection channel  
15:23:57 INFO  : Successfully done setting SDK workspace  
15:24:19 INFO  : Connected to target on host '127.0.0.1' and port '3121'.
15:24:26 INFO  : Connected to target on host '127.0.0.1' and port '3121'.
15:24:26 INFO  : 'targets -set -filter {jtag_cable_name =~ "Digilent Zybo Z7 210351AF232EA" && level==0} -index 1' command is executed.
15:24:27 INFO  : FPGA configured successfully with bitstream "G:/Opiskelu/Yliopisto/5.vuosi/EmbeddedSystemsProgramming/assignment/zybo_platform/system_wrapper.bit"
15:24:45 INFO  : 'targets -set -filter {jtag_cable_name =~ "Digilent Zybo Z7 210351AF232EA" && level==0} -index 1' command is executed.
15:24:45 INFO  : 'fpga -state' command is executed.
15:24:45 INFO  : Connected to target on host '127.0.0.1' and port '3121'.
15:24:45 INFO  : Jtag cable 'Digilent Zybo Z7 210351AF232EA' is selected.
15:24:45 INFO  : 'jtag frequency' command is executed.
15:24:45 INFO  : Sourcing of 'G:/Opiskelu/Yliopisto/5.vuosi/EmbeddedSystemsProgramming/assignment/zybo_platform/ps7_init.tcl' is done.
15:24:45 INFO  : Context for 'APU' is selected.
15:24:45 INFO  : Hardware design information is loaded from 'G:/Opiskelu/Yliopisto/5.vuosi/EmbeddedSystemsProgramming/assignment/zybo_platform/system.hdf'.
15:24:45 INFO  : 'configparams force-mem-access 1' command is executed.
15:24:45 INFO  : Context for 'APU' is selected.
15:24:45 INFO  : 'stop' command is executed.
15:24:45 INFO  : 'ps7_init' command is executed.
15:24:45 INFO  : 'ps7_post_config' command is executed.
15:24:45 INFO  : Context for processor 'ps7_cortexa9_0' is selected.
15:24:45 INFO  : Processor reset is completed for 'ps7_cortexa9_0'.
15:24:45 INFO  : Context for processor 'ps7_cortexa9_0' is selected.
15:24:46 INFO  : The application 'G:/Opiskelu/Yliopisto/5.vuosi/EmbeddedSystemsProgramming/assignment/assignment/Debug/assignment.elf' is downloaded to processor 'ps7_cortexa9_0'.
15:24:46 INFO  : 'configparams force-mem-access 0' command is executed.
15:24:46 INFO  : ----------------XSDB Script----------------
connect -url tcp:127.0.0.1:3121
source G:/Opiskelu/Yliopisto/5.vuosi/EmbeddedSystemsProgramming/assignment/zybo_platform/ps7_init.tcl
targets -set -nocase -filter {name =~"APU*" && jtag_cable_name =~ "Digilent Zybo Z7 210351AF232EA"} -index 0
loadhw -hw G:/Opiskelu/Yliopisto/5.vuosi/EmbeddedSystemsProgramming/assignment/zybo_platform/system.hdf -mem-ranges [list {0x40000000 0xbfffffff}]
configparams force-mem-access 1
targets -set -nocase -filter {name =~"APU*" && jtag_cable_name =~ "Digilent Zybo Z7 210351AF232EA"} -index 0
stop
ps7_init
ps7_post_config
targets -set -nocase -filter {name =~ "ARM*#0" && jtag_cable_name =~ "Digilent Zybo Z7 210351AF232EA"} -index 0
rst -processor
targets -set -nocase -filter {name =~ "ARM*#0" && jtag_cable_name =~ "Digilent Zybo Z7 210351AF232EA"} -index 0
dow G:/Opiskelu/Yliopisto/5.vuosi/EmbeddedSystemsProgramming/assignment/assignment/Debug/assignment.elf
configparams force-mem-access 0
----------------End of Script----------------

15:24:46 INFO  : Memory regions updated for context APU
15:24:46 INFO  : Context for processor 'ps7_cortexa9_0' is selected.
15:24:46 INFO  : 'con' command is executed.
15:24:46 INFO  : ----------------XSDB Script (After Launch)----------------
targets -set -nocase -filter {name =~ "ARM*#0" && jtag_cable_name =~ "Digilent Zybo Z7 210351AF232EA"} -index 0
con
----------------End of Script----------------

15:24:46 INFO  : Launch script is exported to file 'G:\Opiskelu\Yliopisto\5.vuosi\EmbeddedSystemsProgramming\assignment\.sdk\launch_scripts\xilinx_c-c++_application_(system_debugger)\system_debugger_using_debug_assignment.elf_on_local.tcl'
16:15:02 INFO  : Connected to target on host '127.0.0.1' and port '3121'.
16:15:02 INFO  : 'targets -set -filter {jtag_cable_name =~ "Digilent Zybo Z7 210351AF232EA" && level==0} -index 1' command is executed.
16:15:03 INFO  : FPGA configured successfully with bitstream "G:/Opiskelu/Yliopisto/5.vuosi/EmbeddedSystemsProgramming/assignment/zybo_platform/system_wrapper.bit"
16:15:16 INFO  : Disconnected from the channel tcfchan#1.
16:15:17 INFO  : 'targets -set -filter {jtag_cable_name =~ "Digilent Zybo Z7 210351AF232EA" && level==0} -index 1' command is executed.
16:15:17 INFO  : 'fpga -state' command is executed.
16:15:17 INFO  : Connected to target on host '127.0.0.1' and port '3121'.
16:15:17 INFO  : Jtag cable 'Digilent Zybo Z7 210351AF232EA' is selected.
16:15:17 INFO  : 'jtag frequency' command is executed.
16:15:17 INFO  : Sourcing of 'G:/Opiskelu/Yliopisto/5.vuosi/EmbeddedSystemsProgramming/assignment/zybo_platform/ps7_init.tcl' is done.
16:15:17 INFO  : Context for 'APU' is selected.
16:15:20 INFO  : Hardware design information is loaded from 'G:/Opiskelu/Yliopisto/5.vuosi/EmbeddedSystemsProgramming/assignment/zybo_platform/system.hdf'.
16:15:20 INFO  : 'configparams force-mem-access 1' command is executed.
16:15:20 INFO  : Context for 'APU' is selected.
16:15:20 INFO  : 'stop' command is executed.
16:15:20 INFO  : 'ps7_init' command is executed.
16:15:20 INFO  : 'ps7_post_config' command is executed.
16:15:20 INFO  : Context for processor 'ps7_cortexa9_0' is selected.
16:15:20 INFO  : Processor reset is completed for 'ps7_cortexa9_0'.
16:15:20 INFO  : Context for processor 'ps7_cortexa9_0' is selected.
16:15:20 INFO  : The application 'G:/Opiskelu/Yliopisto/5.vuosi/EmbeddedSystemsProgramming/assignment/assignment/Debug/assignment.elf' is downloaded to processor 'ps7_cortexa9_0'.
16:15:20 INFO  : 'configparams force-mem-access 0' command is executed.
16:15:20 INFO  : ----------------XSDB Script----------------
connect -url tcp:127.0.0.1:3121
source G:/Opiskelu/Yliopisto/5.vuosi/EmbeddedSystemsProgramming/assignment/zybo_platform/ps7_init.tcl
targets -set -nocase -filter {name =~"APU*" && jtag_cable_name =~ "Digilent Zybo Z7 210351AF232EA"} -index 0
loadhw -hw G:/Opiskelu/Yliopisto/5.vuosi/EmbeddedSystemsProgramming/assignment/zybo_platform/system.hdf -mem-ranges [list {0x40000000 0xbfffffff}]
configparams force-mem-access 1
targets -set -nocase -filter {name =~"APU*" && jtag_cable_name =~ "Digilent Zybo Z7 210351AF232EA"} -index 0
stop
ps7_init
ps7_post_config
targets -set -nocase -filter {name =~ "ARM*#0" && jtag_cable_name =~ "Digilent Zybo Z7 210351AF232EA"} -index 0
rst -processor
targets -set -nocase -filter {name =~ "ARM*#0" && jtag_cable_name =~ "Digilent Zybo Z7 210351AF232EA"} -index 0
dow G:/Opiskelu/Yliopisto/5.vuosi/EmbeddedSystemsProgramming/assignment/assignment/Debug/assignment.elf
configparams force-mem-access 0
----------------End of Script----------------

16:15:20 INFO  : Memory regions updated for context APU
16:15:20 INFO  : Context for processor 'ps7_cortexa9_0' is selected.
16:15:20 INFO  : 'con' command is executed.
16:15:20 INFO  : ----------------XSDB Script (After Launch)----------------
targets -set -nocase -filter {name =~ "ARM*#0" && jtag_cable_name =~ "Digilent Zybo Z7 210351AF232EA"} -index 0
con
----------------End of Script----------------

16:15:20 INFO  : Launch script is exported to file 'G:\Opiskelu\Yliopisto\5.vuosi\EmbeddedSystemsProgramming\assignment\.sdk\launch_scripts\xilinx_c-c++_application_(system_debugger)\system_debugger_using_debug_assignment.elf_on_local.tcl'
